10
66 10 65 38 58 53
54 13 14 67 7 8 52
4 69 74 62 61 28 2
17 25 55 32 50 18 3 44
31 39 72 26 12 9 40
45 37 15 20 70 57 27 29 75
30 36 47 5 60 71 21 48
51 49 24 16 33 56 23 63
68 6 22 41 64 43 42 1 73
46 19 34 11 59 35
76
40 40
22 22
36 26
21 45
45 35
55 20
33 34
50 50
55 45
26 59
40 66
55 65
35 51
62 35
62 57
62 24
21 36
33 44
9 56
62 48
66 14
44 13
26 13
11 28
7 43
17 64
41 46
55 34
35 16
52 26
43 26
31 76
22 53
26 29
50 40
55 50
54 10
60 15
47 66
30 60
30 50
12 17
15 14
16 19
21 48
50 30
51 42
50 15
48 21
12 38
15 56
29 39
54 38
55 57
67 41
10 70
6 25
65 27
40 60
70 64
64 4
36 6
30 20
20 30
15 5
50 70
57 72
45 42
38 33
50 4
66 8
59 5
35 60
27 24
40 20
40 37